<?xml version="1.0" encoding="UTF-8"?>
<!-- Generated by org.testng.reporters.JUnitXMLReporter -->
<testsuite ignored="0" hostname="LAPTOP-KE553M98" failures="0" tests="3" name="Default test" time="19.952" errors="0" timestamp="2022-05-06T16:47:42 IST">
  <testcase classname="Test.ZerodhaLoginPageTest" name="LoginWithValidCredentials" time="2.032"/>
  <testcase classname="Test.ZerodhaLoginPageTest" name="clickOnForgotPassword" time="0.123"/>
  <testcase classname="Test.ZerodhaLoginPageTest" name="clickOnSignUpNewUser" time="0.58"/>
</testsuite> <!-- Default test -->
