<?xml version="1.0" encoding="UTF-8"?>
<testng-results ignored="0" total="3" passed="3" failed="0" skipped="0">
  <reporter-output>
  </reporter-output>
  <suite started-at="2022-05-06T16:47:22 IST" name="Default suite" finished-at="2022-05-06T16:47:42 IST" duration-ms="19952">
    <groups>
    </groups>
    <test started-at="2022-05-06T16:47:22 IST" name="Default test" finished-at="2022-05-06T16:47:42 IST" duration-ms="19952">
      <class name="Test.ZerodhaLoginPageTest">
        <test-method is-config="true" signature="LaunchBrowser()[pri:0, instance:Test.ZerodhaLoginPageTest@2ea41516]" started-at="2022-05-06T16:47:22 IST" name="LaunchBrowser" finished-at="2022-05-06T16:47:33 IST" duration-ms="10700" status="PASS">
          <reporter-output>
          </reporter-output>
        </test-method> <!-- LaunchBrowser -->
        <test-method signature="LoginWithValidCredentials()[pri:0, instance:Test.ZerodhaLoginPageTest@2ea41516]" started-at="2022-05-06T16:47:33 IST" name="LoginWithValidCredentials" finished-at="2022-05-06T16:47:35 IST" duration-ms="2032" status="PASS">
          <reporter-output>
          </reporter-output>
        </test-method> <!-- LoginWithValidCredentials -->
        <test-method is-config="true" signature="closeBrowser()[pri:0, instance:Test.ZerodhaLoginPageTest@2ea41516]" started-at="2022-05-06T16:47:35 IST" name="closeBrowser" finished-at="2022-05-06T16:47:35 IST" duration-ms="314" status="PASS">
          <reporter-output>
          </reporter-output>
        </test-method> <!-- closeBrowser -->
        <test-method is-config="true" signature="LaunchBrowser()[pri:0, instance:Test.ZerodhaLoginPageTest@2ea41516]" started-at="2022-05-06T16:47:35 IST" name="LaunchBrowser" finished-at="2022-05-06T16:47:39 IST" duration-ms="3967" status="PASS">
          <reporter-output>
          </reporter-output>
        </test-method> <!-- LaunchBrowser -->
        <test-method signature="clickOnForgotPassword()[pri:0, instance:Test.ZerodhaLoginPageTest@2ea41516]" started-at="2022-05-06T16:47:39 IST" name="clickOnForgotPassword" finished-at="2022-05-06T16:47:40 IST" duration-ms="123" status="PASS">
          <reporter-output>
          </reporter-output>
        </test-method> <!-- clickOnForgotPassword -->
        <test-method is-config="true" signature="closeBrowser()[pri:0, instance:Test.ZerodhaLoginPageTest@2ea41516]" started-at="2022-05-06T16:47:40 IST" name="closeBrowser" finished-at="2022-05-06T16:47:40 IST" duration-ms="386" status="PASS">
          <reporter-output>
          </reporter-output>
        </test-method> <!-- closeBrowser -->
        <test-method is-config="true" signature="LaunchBrowser()[pri:0, instance:Test.ZerodhaLoginPageTest@2ea41516]" started-at="2022-05-06T16:47:40 IST" name="LaunchBrowser" finished-at="2022-05-06T16:47:41 IST" duration-ms="1547" status="PASS">
          <reporter-output>
          </reporter-output>
        </test-method> <!-- LaunchBrowser -->
        <test-method signature="clickOnSignUpNewUser()[pri:0, instance:Test.ZerodhaLoginPageTest@2ea41516]" started-at="2022-05-06T16:47:41 IST" name="clickOnSignUpNewUser" finished-at="2022-05-06T16:47:42 IST" duration-ms="580" status="PASS">
          <reporter-output>
          </reporter-output>
        </test-method> <!-- clickOnSignUpNewUser -->
        <test-method is-config="true" signature="closeBrowser()[pri:0, instance:Test.ZerodhaLoginPageTest@2ea41516]" started-at="2022-05-06T16:47:42 IST" name="closeBrowser" finished-at="2022-05-06T16:47:42 IST" duration-ms="257" status="PASS">
          <reporter-output>
          </reporter-output>
        </test-method> <!-- closeBrowser -->
      </class> <!-- Test.ZerodhaLoginPageTest -->
    </test> <!-- Default test -->
  </suite> <!-- Default suite -->
</testng-results>
